*** Starting uWSGI 2.0.10 (64bit) on [Wed Sep  9 16:07:00 2015] ***
compiled with version: 4.8.4 on 17 June 2015 10:52:40
os: Linux-3.16.0-30-generic #40~14.04.1-Ubuntu SMP Thu Jan 15 17:43:14 UTC 2015
nodename: renjie-B85M-D3H
machine: x86_64
clock source: unix
pcre jit disabled
detected number of CPU cores: 4
current working directory: /home/develop/new3d/new_printer
detected binary path: /usr/local/bin/uwsgi
uWSGI running as root, you can use --uid/--gid/--chroot options
*** WARNING: you are running uWSGI as root !!! (use the --uid flag) *** 
chdir() to /home/develop/new3d/new_printer
*** WARNING: you are running uWSGI without its master process manager ***
your processes number limit is 30595
your memory page size is 4096 bytes
detected max file descriptor number: 1024
lock engine: pthread robust mutexes
thunder lock: disabled (you can enable it with --thunder-lock)
uwsgi socket 0 bound to TCP address :8030 fd 3
Python version: 2.7.6 (default, Mar 22 2014, 23:03:41)  [GCC 4.8.2]
*** Python threads support is disabled. You can enable it with --enable-threads ***
Python main interpreter initialized at 0x26d3860
your server socket listen backlog is limited to 100 connections
your mercy for graceful operations on workers is 60 seconds
mapped 291040 bytes (284 KB) for 4 cores
*** Operational MODE: preforking ***
127.0.1.1
in test server
/home/develop/static
Traceback (most recent call last):
  File "./django_uwsgi.py", line 14, in <module>
    application = get_wsgi_application()
  File "/usr/local/lib/python2.7/dist-packages/Django-1.8.2-py2.7.egg/django/core/wsgi.py", line 14, in get_wsgi_application
    django.setup()
  File "/usr/local/lib/python2.7/dist-packages/Django-1.8.2-py2.7.egg/django/__init__.py", line 18, in setup
    apps.populate(settings.INSTALLED_APPS)
  File "/usr/local/lib/python2.7/dist-packages/Django-1.8.2-py2.7.egg/django/apps/registry.py", line 85, in populate
    app_config = AppConfig.create(entry)
  File "/usr/local/lib/python2.7/dist-packages/Django-1.8.2-py2.7.egg/django/apps/config.py", line 86, in create
    module = import_module(entry)
  File "/usr/lib/python2.7/importlib/__init__.py", line 37, in import_module
    __import__(name)
ImportError: No module named compressor
unable to load app 0 (mountpoint='') (callable not found or import error)
*** no app loaded. going in full dynamic mode ***
*** uWSGI is running in multiple interpreter mode ***
spawned uWSGI worker 1 (pid: 4047, cores: 1)
spawned uWSGI worker 2 (pid: 4057, cores: 1)
spawned uWSGI worker 3 (pid: 4058, cores: 1)
spawned uWSGI worker 4 (pid: 4059, cores: 1)
*** Starting uWSGI 2.0.10 (64bit) on [Thu Sep 10 09:52:29 2015] ***
compiled with version: 4.8.4 on 17 June 2015 10:52:40
os: Linux-3.16.0-30-generic #40~14.04.1-Ubuntu SMP Thu Jan 15 17:43:14 UTC 2015
nodename: renjie-B85M-D3H
machine: x86_64
clock source: unix
pcre jit disabled
detected number of CPU cores: 4
current working directory: /home/develop/new3d/new_printer
detected binary path: /usr/local/bin/uwsgi
uWSGI running as root, you can use --uid/--gid/--chroot options
*** WARNING: you are running uWSGI as root !!! (use the --uid flag) *** 
chdir() to /home/develop/new3d/new_printer
*** WARNING: you are running uWSGI without its master process manager ***
your processes number limit is 30595
your memory page size is 4096 bytes
detected max file descriptor number: 1024
lock engine: pthread robust mutexes
thunder lock: disabled (you can enable it with --thunder-lock)
uwsgi socket 0 bound to TCP address :8030 fd 3
Python version: 2.7.6 (default, Mar 22 2014, 23:03:41)  [GCC 4.8.2]
*** Python threads support is disabled. You can enable it with --enable-threads ***
Python main interpreter initialized at 0x1f84860
your server socket listen backlog is limited to 100 connections
your mercy for graceful operations on workers is 60 seconds
mapped 291040 bytes (284 KB) for 4 cores
*** Operational MODE: preforking ***
127.0.1.1
in test server
/home/develop/static
Traceback (most recent call last):
  File "./django_uwsgi.py", line 14, in <module>
    application = get_wsgi_application()
  File "/usr/local/lib/python2.7/dist-packages/Django-1.8.2-py2.7.egg/django/core/wsgi.py", line 14, in get_wsgi_application
    django.setup()
  File "/usr/local/lib/python2.7/dist-packages/Django-1.8.2-py2.7.egg/django/__init__.py", line 18, in setup
    apps.populate(settings.INSTALLED_APPS)
  File "/usr/local/lib/python2.7/dist-packages/Django-1.8.2-py2.7.egg/django/apps/registry.py", line 85, in populate
    app_config = AppConfig.create(entry)
  File "/usr/local/lib/python2.7/dist-packages/Django-1.8.2-py2.7.egg/django/apps/config.py", line 86, in create
    module = import_module(entry)
  File "/usr/lib/python2.7/importlib/__init__.py", line 37, in import_module
    __import__(name)
ImportError: No module named compressor
unable to load app 0 (mountpoint='') (callable not found or import error)
*** no app loaded. going in full dynamic mode ***
*** uWSGI is running in multiple interpreter mode ***
spawned uWSGI worker 1 (pid: 6137, cores: 1)
spawned uWSGI worker 2 (pid: 6147, cores: 1)
spawned uWSGI worker 3 (pid: 6148, cores: 1)
spawned uWSGI worker 4 (pid: 6149, cores: 1)
--- no python application found, check your startup logs for errors ---
[pid: 6147|app: -1|req: -1/1] 192.168.1.108 () {44 vars in 763 bytes} [Thu Sep 10 09:52:30 2015] GET / => generated 21 bytes in 0 msecs (HTTP/1.1 500) 2 headers in 83 bytes (0 switches on core 0)
--- no python application found, check your startup logs for errors ---
[pid: 6147|app: -1|req: -1/2] 192.168.1.108 () {46 vars in 738 bytes} [Thu Sep 10 09:52:31 2015] GET /favicon.ico => generated 21 bytes in 0 msecs (HTTP/1.1 500) 2 headers in 83 bytes (0 switches on core 0)
--- no python application found, check your startup logs for errors ---
[pid: 6147|app: -1|req: -1/3] 192.168.1.108 () {44 vars in 763 bytes} [Thu Sep 10 09:52:32 2015] GET / => generated 21 bytes in 0 msecs (HTTP/1.1 500) 2 headers in 83 bytes (0 switches on core 0)
--- no python application found, check your startup logs for errors ---
[pid: 6147|app: -1|req: -1/4] 192.168.1.108 () {46 vars in 738 bytes} [Thu Sep 10 09:52:32 2015] GET /favicon.ico => generated 21 bytes in 0 msecs (HTTP/1.1 500) 2 headers in 83 bytes (0 switches on core 0)
--- no python application found, check your startup logs for errors ---
[pid: 6147|app: -1|req: -1/5] 192.168.1.108 () {44 vars in 763 bytes} [Thu Sep 10 09:53:11 2015] GET / => generated 21 bytes in 0 msecs (HTTP/1.1 500) 2 headers in 83 bytes (0 switches on core 0)
--- no python application found, check your startup logs for errors ---
[pid: 6147|app: -1|req: -1/6] 192.168.1.108 () {42 vars in 685 bytes} [Thu Sep 10 09:53:11 2015] GET /favicon.ico => generated 21 bytes in 0 msecs (HTTP/1.1 500) 2 headers in 83 bytes (0 switches on core 0)
--- no python application found, check your startup logs for errors ---
[pid: 6147|app: -1|req: -1/7] 192.168.1.108 () {44 vars in 763 bytes} [Thu Sep 10 09:53:12 2015] GET / => generated 21 bytes in 0 msecs (HTTP/1.1 500) 2 headers in 83 bytes (0 switches on core 0)
--- no python application found, check your startup logs for errors ---
[pid: 6147|app: -1|req: -1/8] 192.168.1.108 () {42 vars in 685 bytes} [Thu Sep 10 09:53:12 2015] GET /favicon.ico => generated 21 bytes in 0 msecs (HTTP/1.1 500) 2 headers in 83 bytes (0 switches on core 0)
--- no python application found, check your startup logs for errors ---
[pid: 6147|app: -1|req: -1/9] 192.168.1.108 () {44 vars in 763 bytes} [Thu Sep 10 09:53:12 2015] GET / => generated 21 bytes in 0 msecs (HTTP/1.1 500) 2 headers in 83 bytes (0 switches on core 0)
--- no python application found, check your startup logs for errors ---
[pid: 6147|app: -1|req: -1/10] 192.168.1.108 () {42 vars in 685 bytes} [Thu Sep 10 09:53:12 2015] GET /favicon.ico => generated 21 bytes in 0 msecs (HTTP/1.1 500) 2 headers in 83 bytes (0 switches on core 0)
--- no python application found, check your startup logs for errors ---
[pid: 6147|app: -1|req: -1/11] 192.168.1.108 () {44 vars in 763 bytes} [Thu Sep 10 09:53:17 2015] GET / => generated 21 bytes in 0 msecs (HTTP/1.1 500) 2 headers in 83 bytes (0 switches on core 0)
--- no python application found, check your startup logs for errors ---
[pid: 6147|app: -1|req: -1/12] 192.168.1.108 () {42 vars in 685 bytes} [Thu Sep 10 09:53:17 2015] GET /favicon.ico => generated 21 bytes in 0 msecs (HTTP/1.1 500) 2 headers in 83 bytes (0 switches on core 0)
--- no python application found, check your startup logs for errors ---
[pid: 6147|app: -1|req: -1/13] 192.168.1.108 () {44 vars in 763 bytes} [Thu Sep 10 09:53:36 2015] GET / => generated 21 bytes in 0 msecs (HTTP/1.1 500) 2 headers in 83 bytes (0 switches on core 0)
--- no python application found, check your startup logs for errors ---
[pid: 6147|app: -1|req: -1/14] 192.168.1.108 () {42 vars in 685 bytes} [Thu Sep 10 09:53:36 2015] GET /favicon.ico => generated 21 bytes in 0 msecs (HTTP/1.1 500) 2 headers in 83 bytes (0 switches on core 0)
--- no python application found, check your startup logs for errors ---
[pid: 6147|app: -1|req: -1/15] 192.168.1.108 () {44 vars in 763 bytes} [Thu Sep 10 09:55:42 2015] GET / => generated 21 bytes in 0 msecs (HTTP/1.1 500) 2 headers in 83 bytes (0 switches on core 0)
--- no python application found, check your startup logs for errors ---
[pid: 6147|app: -1|req: -1/16] 192.168.1.108 () {42 vars in 685 bytes} [Thu Sep 10 09:55:42 2015] GET /favicon.ico => generated 21 bytes in 0 msecs (HTTP/1.1 500) 2 headers in 83 bytes (0 switches on core 0)
*** Starting uWSGI 2.0.10 (64bit) on [Thu Sep 10 11:10:12 2015] ***
compiled with version: 4.8.4 on 17 June 2015 10:52:40
os: Linux-3.16.0-30-generic #40~14.04.1-Ubuntu SMP Thu Jan 15 17:43:14 UTC 2015
nodename: renjie-B85M-D3H
machine: x86_64
clock source: unix
pcre jit disabled
detected number of CPU cores: 4
current working directory: /home/develop/new3d/new_printer
detected binary path: /usr/local/bin/uwsgi
uWSGI running as root, you can use --uid/--gid/--chroot options
*** WARNING: you are running uWSGI as root !!! (use the --uid flag) *** 
chdir() to /home/develop/new3d/new_printer
*** WARNING: you are running uWSGI without its master process manager ***
your processes number limit is 30595
your memory page size is 4096 bytes
detected max file descriptor number: 1024
lock engine: pthread robust mutexes
thunder lock: disabled (you can enable it with --thunder-lock)
uwsgi socket 0 bound to TCP address :8030 fd 3
Python version: 2.7.6 (default, Mar 22 2014, 23:03:41)  [GCC 4.8.2]
*** Python threads support is disabled. You can enable it with --enable-threads ***
Python main interpreter initialized at 0x225c860
your server socket listen backlog is limited to 100 connections
your mercy for graceful operations on workers is 60 seconds
mapped 291040 bytes (284 KB) for 4 cores
*** Operational MODE: preforking ***
127.0.1.1
in test server
/home/develop/static
Traceback (most recent call last):
  File "./django_uwsgi.py", line 14, in <module>
    application = get_wsgi_application()
  File "/usr/local/lib/python2.7/dist-packages/Django-1.8.2-py2.7.egg/django/core/wsgi.py", line 14, in get_wsgi_application
    django.setup()
  File "/usr/local/lib/python2.7/dist-packages/Django-1.8.2-py2.7.egg/django/__init__.py", line 18, in setup
    apps.populate(settings.INSTALLED_APPS)
  File "/usr/local/lib/python2.7/dist-packages/Django-1.8.2-py2.7.egg/django/apps/registry.py", line 85, in populate
    app_config = AppConfig.create(entry)
  File "/usr/local/lib/python2.7/dist-packages/Django-1.8.2-py2.7.egg/django/apps/config.py", line 86, in create
    module = import_module(entry)
  File "/usr/lib/python2.7/importlib/__init__.py", line 37, in import_module
    __import__(name)
ImportError: No module named compressor
unable to load app 0 (mountpoint='') (callable not found or import error)
*** no app loaded. going in full dynamic mode ***
*** uWSGI is running in multiple interpreter mode ***
spawned uWSGI worker 1 (pid: 3568, cores: 1)
spawned uWSGI worker 2 (pid: 3578, cores: 1)
spawned uWSGI worker 3 (pid: 3579, cores: 1)
spawned uWSGI worker 4 (pid: 3580, cores: 1)
*** Starting uWSGI 2.0.10 (64bit) on [Thu Sep 10 11:53:06 2015] ***
compiled with version: 4.8.4 on 17 June 2015 10:52:40
os: Linux-3.16.0-30-generic #40~14.04.1-Ubuntu SMP Thu Jan 15 17:43:14 UTC 2015
nodename: renjie-B85M-D3H
machine: x86_64
clock source: unix
pcre jit disabled
detected number of CPU cores: 4
current working directory: /home/develop/new3d/new_printer
detected binary path: /usr/local/bin/uwsgi
uWSGI running as root, you can use --uid/--gid/--chroot options
*** WARNING: you are running uWSGI as root !!! (use the --uid flag) *** 
chdir() to /home/develop/new3d/new_printer
*** WARNING: you are running uWSGI without its master process manager ***
your processes number limit is 30595
your memory page size is 4096 bytes
detected max file descriptor number: 1024
lock engine: pthread robust mutexes
thunder lock: disabled (you can enable it with --thunder-lock)
probably another instance of uWSGI is running on the same address (:8030).
bind(): Address already in use [core/socket.c line 764]
*** Starting uWSGI 2.0.10 (64bit) on [Thu Sep 10 11:54:38 2015] ***
compiled with version: 4.8.4 on 17 June 2015 10:52:40
os: Linux-3.16.0-30-generic #40~14.04.1-Ubuntu SMP Thu Jan 15 17:43:14 UTC 2015
nodename: renjie-B85M-D3H
machine: x86_64
clock source: unix
pcre jit disabled
detected number of CPU cores: 4
current working directory: /home/develop/new3d/new_printer
detected binary path: /usr/local/bin/uwsgi
uWSGI running as root, you can use --uid/--gid/--chroot options
*** WARNING: you are running uWSGI as root !!! (use the --uid flag) *** 
chdir() to /home/develop/new3d/new_printer
*** WARNING: you are running uWSGI without its master process manager ***
your processes number limit is 30595
your memory page size is 4096 bytes
detected max file descriptor number: 1024
lock engine: pthread robust mutexes
thunder lock: disabled (you can enable it with --thunder-lock)
uwsgi socket 0 bound to TCP address :8030 fd 3
Python version: 2.7.6 (default, Mar 22 2014, 23:03:41)  [GCC 4.8.2]
*** Python threads support is disabled. You can enable it with --enable-threads ***
Python main interpreter initialized at 0x2713860
your server socket listen backlog is limited to 100 connections
your mercy for graceful operations on workers is 60 seconds
mapped 291040 bytes (284 KB) for 4 cores
*** Operational MODE: preforking ***
127.0.1.1
in test server
/home/develop/static
WSGI app 0 (mountpoint='') ready in 0 seconds on interpreter 0x2713860 pid: 4310 (default app)
*** uWSGI is running in multiple interpreter mode ***
spawned uWSGI worker 1 (pid: 4310, cores: 1)
spawned uWSGI worker 2 (pid: 4320, cores: 1)
spawned uWSGI worker 3 (pid: 4321, cores: 1)
spawned uWSGI worker 4 (pid: 4322, cores: 1)
*** Starting uWSGI 2.0.10 (64bit) on [Thu Sep 10 12:03:27 2015] ***
compiled with version: 4.8.4 on 17 June 2015 10:52:40
os: Linux-3.16.0-30-generic #40~14.04.1-Ubuntu SMP Thu Jan 15 17:43:14 UTC 2015
nodename: renjie-B85M-D3H
machine: x86_64
clock source: unix
pcre jit disabled
detected number of CPU cores: 4
current working directory: /home/develop/new3d/new_printer
detected binary path: /usr/local/bin/uwsgi
uWSGI running as root, you can use --uid/--gid/--chroot options
*** WARNING: you are running uWSGI as root !!! (use the --uid flag) *** 
chdir() to /home/develop/new3d/new_printer
*** WARNING: you are running uWSGI without its master process manager ***
your processes number limit is 30595
your memory page size is 4096 bytes
detected max file descriptor number: 1024
lock engine: pthread robust mutexes
thunder lock: disabled (you can enable it with --thunder-lock)
uwsgi socket 0 bound to TCP address :8077 fd 3
Python version: 2.7.6 (default, Mar 22 2014, 23:03:41)  [GCC 4.8.2]
*** Python threads support is disabled. You can enable it with --enable-threads ***
Python main interpreter initialized at 0x1256860
your server socket listen backlog is limited to 100 connections
your mercy for graceful operations on workers is 60 seconds
mapped 291040 bytes (284 KB) for 4 cores
*** Operational MODE: preforking ***
127.0.1.1
in test server
/home/develop/static
WSGI app 0 (mountpoint='') ready in 0 seconds on interpreter 0x1256860 pid: 4451 (default app)
*** uWSGI is running in multiple interpreter mode ***
spawned uWSGI worker 1 (pid: 4451, cores: 1)
spawned uWSGI worker 2 (pid: 4461, cores: 1)
spawned uWSGI worker 3 (pid: 4462, cores: 1)
spawned uWSGI worker 4 (pid: 4463, cores: 1)
/home/develop/static
[pid: 4461|app: 0|req: 1/1] 192.168.1.108 () {46 vars in 785 bytes} [Thu Sep 10 12:04:26 2015] GET / => generated 15864 bytes in 356 msecs (HTTP/1.1 200) 3 headers in 102 bytes (1 switches on core 0)
[pid: 4461|app: 0|req: 2/2] 192.168.1.108 () {52 vars in 936 bytes} [Thu Sep 10 12:04:36 2015] POST /account/check_phone => generated 18 bytes in 8 msecs (HTTP/1.1 200) 2 headers in 88 bytes (1 switches on core 0)
[pid: 4461|app: 0|req: 3/3] 192.168.1.108 () {52 vars in 928 bytes} [Thu Sep 10 12:04:40 2015] POST /account/u_login => generated 15 bytes in 283 msecs (HTTP/1.1 200) 4 headers in 230 bytes (1 switches on core 0)
/home/develop/static
[pid: 4451|app: 0|req: 1/4] 192.168.1.108 () {48 vars in 866 bytes} [Thu Sep 10 12:04:41 2015] GET /shop/home => generated 19452 bytes in 170 msecs (HTTP/1.1 200) 3 headers in 102 bytes (1 switches on core 0)
/home/develop/static
[pid: 4461|app: 0|req: 4/5] 192.168.1.108 () {54 vars in 985 bytes} [Thu Sep 10 12:04:41 2015] POST /account/u_login => generated 15 bytes in 215 msecs (HTTP/1.1 200) 4 headers in 230 bytes (1 switches on core 0)
[pid: 4463|app: 0|req: 1/6] 192.168.1.108 () {54 vars in 985 bytes} [Thu Sep 10 12:04:41 2015] POST /account/u_login => generated 15 bytes in 210 msecs (HTTP/1.1 200) 4 headers in 230 bytes (1 switches on core 0)
[pid: 4461|app: 0|req: 5/7] 192.168.1.108 () {48 vars in 875 bytes} [Thu Sep 10 12:04:42 2015] GET /shop/home => generated 19452 bytes in 29 msecs (HTTP/1.1 200) 3 headers in 102 bytes (1 switches on core 0)
[pid: 4461|app: 0|req: 6/8] 192.168.1.108 () {48 vars in 912 bytes} [Thu Sep 10 12:04:47 2015] GET /shop/goods-detail?goods_id=7 => generated 17973 bytes in 85 msecs (HTTP/1.1 200) 3 headers in 102 bytes (1 switches on core 0)
[pid: 4461|app: 0|req: 7/9] 192.168.1.108 () {48 vars in 955 bytes} [Thu Sep 10 12:04:49 2015] GET /designer/designer_personal?designer_id=1 => generated 12860 bytes in 28 msecs (HTTP/1.1 200) 3 headers in 102 bytes (1 switches on core 0)
[pid: 4461|app: 0|req: 8/10] 192.168.1.108 () {54 vars in 1031 bytes} [Thu Sep 10 12:04:51 2015] POST /designer/sort_list => generated 1473 bytes in 7 msecs (HTTP/1.1 200) 3 headers in 102 bytes (1 switches on core 0)
[pid: 4461|app: 0|req: 9/11] 192.168.1.108 () {54 vars in 1031 bytes} [Thu Sep 10 12:04:52 2015] POST /designer/sort_list => generated 1473 bytes in 6 msecs (HTTP/1.1 200) 3 headers in 102 bytes (1 switches on core 0)
[pid: 4461|app: 0|req: 10/12] 192.168.1.108 () {54 vars in 1031 bytes} [Thu Sep 10 12:04:52 2015] POST /designer/sort_list => generated 1473 bytes in 6 msecs (HTTP/1.1 200) 3 headers in 102 bytes (1 switches on core 0)
[pid: 4461|app: 0|req: 11/13] 192.168.1.108 () {48 vars in 943 bytes} [Thu Sep 10 12:04:57 2015] GET /shop/goods-detail?goods_id=6 => generated 17857 bytes in 95 msecs (HTTP/1.1 200) 3 headers in 102 bytes (1 switches on core 0)
[pid: 4461|app: 0|req: 12/14] 192.168.1.108 () {54 vars in 1013 bytes} [Thu Sep 10 12:04:59 2015] POST /shop/mark-goods => generated 20 bytes in 112 msecs (HTTP/1.1 200) 3 headers in 102 bytes (1 switches on core 0)
/usr/local/lib/python2.7/dist-packages/Django-1.8.2-py2.7.egg/django/db/models/fields/__init__.py:1474: RuntimeWarning: DateTimeField Vender_Goods.collected_time received a naive datetime (2015-09-10 12:05:00.471488) while time zone support is active.
  RuntimeWarning)

[pid: 4461|app: 0|req: 13/15] 192.168.1.108 () {54 vars in 1013 bytes} [Thu Sep 10 12:05:00 2015] POST /shop/mark-goods => generated 20 bytes in 151 msecs (HTTP/1.1 200) 3 headers in 102 bytes (1 switches on core 0)
3 /static/54bf9d0d40c98280a0bab10ce3fb993b.stl
http://www.3dilove.com/stl_static/54bf9d0d40c98280a0bab10ce3fb993b.stl
[pid: 4461|app: 0|req: 14/16] 192.168.1.108 () {54 vars in 1015 bytes} [Thu Sep 10 12:05:02 2015] POST /designer/show_3d => generated 86 bytes in 77 msecs (HTTP/1.1 200) 2 headers in 88 bytes (1 switches on core 0)
[pid: 4461|app: 0|req: 15/17] 192.168.1.108 () {48 vars in 912 bytes} [Thu Sep 10 12:17:40 2015] GET /shop/goods-detail?goods_id=7 => generated 17973 bytes in 95 msecs (HTTP/1.1 200) 3 headers in 102 bytes (1 switches on core 0)
[pid: 4461|app: 0|req: 16/18] 192.168.1.108 () {50 vars in 906 bytes} [Thu Sep 10 12:20:20 2015] GET /shop/home => generated 19452 bytes in 25 msecs (HTTP/1.1 200) 3 headers in 102 bytes (1 switches on core 0)
[pid: 4461|app: 0|req: 17/19] 192.168.1.108 () {48 vars in 912 bytes} [Thu Sep 10 12:20:21 2015] GET /shop/goods-detail?goods_id=5 => generated 17966 bytes in 101 msecs (HTTP/1.1 200) 3 headers in 102 bytes (1 switches on core 0)
3 /static/59bfd639738b706bb10eecdd800195ea.stl
http://www.3dilove.com/stl_static/59bfd639738b706bb10eecdd800195ea.stl
[pid: 4461|app: 0|req: 18/20] 192.168.1.108 () {54 vars in 1015 bytes} [Thu Sep 10 12:20:26 2015] POST /designer/show_3d => generated 86 bytes in 22 msecs (HTTP/1.1 200) 2 headers in 88 bytes (1 switches on core 0)
*** Starting uWSGI 2.0.10 (64bit) on [Thu Sep 10 12:20:52 2015] ***
compiled with version: 4.8.4 on 17 June 2015 10:52:40
os: Linux-3.16.0-30-generic #40~14.04.1-Ubuntu SMP Thu Jan 15 17:43:14 UTC 2015
nodename: renjie-B85M-D3H
machine: x86_64
clock source: unix
pcre jit disabled
detected number of CPU cores: 4
current working directory: /home/develop/new3d/new_printer
detected binary path: /usr/local/bin/uwsgi
uWSGI running as root, you can use --uid/--gid/--chroot options
*** WARNING: you are running uWSGI as root !!! (use the --uid flag) *** 
chdir() to /home/develop/new3d/new_printer
*** WARNING: you are running uWSGI without its master process manager ***
your processes number limit is 30595
your memory page size is 4096 bytes
detected max file descriptor number: 1024
lock engine: pthread robust mutexes
thunder lock: disabled (you can enable it with --thunder-lock)
probably another instance of uWSGI is running on the same address (:8077).
bind(): Address already in use [core/socket.c line 764]
[pid: 4461|app: 0|req: 19/21] 192.168.1.108 () {50 vars in 943 bytes} [Thu Sep 10 12:20:53 2015] GET /shop/goods-detail?goods_id=5 => generated 17966 bytes in 69 msecs (HTTP/1.1 200) 3 headers in 102 bytes (1 switches on core 0)
http://www.3dilove.com/stl_static/59bfd639738b706bb10eecdd800195ea.stl
[pid: 4461|app: 0|req: 20/22] 192.168.1.108 () {54 vars in 1015 bytes} [Thu Sep 10 12:20:55 2015] POST /designer/show_3d => generated 86 bytes in 5 msecs (HTTP/1.1 200) 2 headers in 88 bytes (1 switches on core 0)
*** Starting uWSGI 2.0.10 (64bit) on [Thu Sep 10 12:34:06 2015] ***
compiled with version: 4.8.4 on 17 June 2015 10:52:40
os: Linux-3.16.0-30-generic #40~14.04.1-Ubuntu SMP Thu Jan 15 17:43:14 UTC 2015
nodename: renjie-B85M-D3H
machine: x86_64
clock source: unix
pcre jit disabled
detected number of CPU cores: 4
current working directory: /home/develop/new3d/new_printer
detected binary path: /usr/local/bin/uwsgi
uWSGI running as root, you can use --uid/--gid/--chroot options
*** WARNING: you are running uWSGI as root !!! (use the --uid flag) *** 
chdir() to /home/develop/new3d/new_printer
*** WARNING: you are running uWSGI without its master process manager ***
your processes number limit is 30595
your memory page size is 4096 bytes
detected max file descriptor number: 1024
lock engine: pthread robust mutexes
thunder lock: disabled (you can enable it with --thunder-lock)
uwsgi socket 0 bound to TCP address :8077 fd 3
Python version: 2.7.6 (default, Mar 22 2014, 23:03:41)  [GCC 4.8.2]
*** Python threads support is disabled. You can enable it with --enable-threads ***
Python main interpreter initialized at 0x16d3860
your server socket listen backlog is limited to 100 connections
your mercy for graceful operations on workers is 60 seconds
mapped 291040 bytes (284 KB) for 4 cores
*** Operational MODE: preforking ***
127.0.1.1
in test server
/home/develop/static
WSGI app 0 (mountpoint='') ready in 0 seconds on interpreter 0x16d3860 pid: 5052 (default app)
*** uWSGI is running in multiple interpreter mode ***
spawned uWSGI worker 1 (pid: 5052, cores: 1)
spawned uWSGI worker 2 (pid: 5062, cores: 1)
spawned uWSGI worker 3 (pid: 5063, cores: 1)
spawned uWSGI worker 4 (pid: 5064, cores: 1)
/home/develop/static
[pid: 5062|app: 0|req: 1/1] 192.168.1.108 () {46 vars in 811 bytes} [Thu Sep 10 12:34:11 2015] GET / => generated 19452 bytes in 94 msecs (HTTP/1.1 200) 3 headers in 102 bytes (1 switches on core 0)
[pid: 5062|app: 0|req: 2/2] 192.168.1.108 () {48 vars in 893 bytes} [Thu Sep 10 12:34:13 2015] GET /goods-detail?goods_id=7 => generated 2707 bytes in 3 msecs (HTTP/1.1 404) 2 headers in 80 bytes (1 switches on core 0)
*** Starting uWSGI 2.0.10 (64bit) on [Fri Sep 11 09:43:22 2015] ***
compiled with version: 4.8.4 on 17 June 2015 10:52:40
os: Linux-3.16.0-30-generic #40~14.04.1-Ubuntu SMP Thu Jan 15 17:43:14 UTC 2015
nodename: renjie-B85M-D3H
machine: x86_64
clock source: unix
pcre jit disabled
detected number of CPU cores: 4
current working directory: /home/develop/new3d/new_printer
detected binary path: /usr/local/bin/uwsgi
uWSGI running as root, you can use --uid/--gid/--chroot options
*** WARNING: you are running uWSGI as root !!! (use the --uid flag) *** 
chdir() to /home/develop/new3d/new_printer
*** WARNING: you are running uWSGI without its master process manager ***
your processes number limit is 30595
your memory page size is 4096 bytes
detected max file descriptor number: 1024
lock engine: pthread robust mutexes
thunder lock: disabled (you can enable it with --thunder-lock)
probably another instance of uWSGI is running on the same address (:8077).
bind(): Address already in use [core/socket.c line 764]
[pid: 5062|app: 0|req: 3/3] 192.168.1.108 () {44 vars in 754 bytes} [Fri Sep 11 09:43:37 2015] GET / => generated 15864 bytes in 5 msecs (HTTP/1.1 200) 3 headers in 102 bytes (1 switches on core 0)
[pid: 5062|app: 0|req: 4/4] 192.168.1.108 () {52 vars in 936 bytes} [Fri Sep 11 09:43:43 2015] POST /account/check_phone => generated 18 bytes in 3 msecs (HTTP/1.1 200) 2 headers in 88 bytes (1 switches on core 0)
[pid: 5062|app: 0|req: 5/5] 192.168.1.108 () {52 vars in 928 bytes} [Fri Sep 11 09:43:46 2015] POST /account/u_login => generated 15 bytes in 352 msecs (HTTP/1.1 200) 4 headers in 230 bytes (1 switches on core 0)
[pid: 5062|app: 0|req: 6/6] 192.168.1.108 () {48 vars in 866 bytes} [Fri Sep 11 09:43:46 2015] GET /shop/home => generated 19525 bytes in 76 msecs (HTTP/1.1 200) 3 headers in 102 bytes (1 switches on core 0)
[pid: 5062|app: 0|req: 7/7] 192.168.1.108 () {48 vars in 912 bytes} [Fri Sep 11 09:43:50 2015] GET /shop/goods-detail?goods_id=5 => generated 18001 bytes in 162 msecs (HTTP/1.1 200) 3 headers in 102 bytes (1 switches on core 0)
/static/59bfd639738b706bb10eecdd800195ea.stl
[pid: 5062|app: 0|req: 8/8] 192.168.1.108 () {54 vars in 1015 bytes} [Fri Sep 11 09:43:51 2015] POST /designer/show_3d => generated 60 bytes in 15 msecs (HTTP/1.1 200) 2 headers in 88 bytes (1 switches on core 0)
[pid: 5062|app: 0|req: 9/9] 192.168.1.108 () {50 vars in 943 bytes} [Fri Sep 11 09:44:58 2015] GET /shop/goods-detail?goods_id=5 => generated 18001 bytes in 90 msecs (HTTP/1.1 200) 3 headers in 102 bytes (1 switches on core 0)
3 /static/59bfd639738b706bb10eecdd800195ea.stl
/static/59bfd639738b706bb10eecdd800195ea.stl
[pid: 5062|app: 0|req: 10/10] 192.168.1.108 () {54 vars in 1015 bytes} [Fri Sep 11 09:45:00 2015] POST /designer/show_3d => generated 60 bytes in 7 msecs (HTTP/1.1 200) 2 headers in 88 bytes (1 switches on core 0)
[pid: 5062|app: 0|req: 11/11] 192.168.1.108 () {50 vars in 943 bytes} [Fri Sep 11 09:45:09 2015] GET /shop/goods-detail?goods_id=5 => generated 18001 bytes in 66 msecs (HTTP/1.1 200) 3 headers in 102 bytes (1 switches on core 0)
/static/59bfd639738b706bb10eecdd800195ea.stl
[pid: 5062|app: 0|req: 12/12] 192.168.1.108 () {54 vars in 1015 bytes} [Fri Sep 11 09:45:12 2015] POST /designer/show_3d => generated 60 bytes in 5 msecs (HTTP/1.1 200) 2 headers in 88 bytes (1 switches on core 0)
